<?xml version="1.0" encoding="UTF-8"?>
<!-- Generated by org.testng.reporters.JUnitXMLReporter -->
<testsuite hostname="DESKTOP-81U3LVR" ignored="0" name="PlatformAdminInstitutionPage" tests="4" failures="0" timestamp="11 Jun 2018 08:22:49 GMT" time="51.321" errors="0">
  <testcase name="tc_login" time="11.385" classname="tracksPageScripts.InstitutionPageScripts"/>
  <testcase name="PlatformAdmin_institution_tc_1" time="9.63" classname="tracksPageScripts.InstitutionPageScripts"/>
  <testcase name="PlatformAdmin_institution_tc_2" time="9.447" classname="tracksPageScripts.InstitutionPageScripts"/>
  <testcase name="PlatformAdmin_institution_tc_3" time="14.463" classname="tracksPageScripts.InstitutionPageScripts"/>
</testsuite> <!-- PlatformAdminInstitutionPage -->
