<?xml version="1.0" encoding="UTF-8"?>
<!-- Generated by org.testng.reporters.JUnitXMLReporter -->
<testsuite hostname="DESKTOP-81U3LVR" ignored="0" name="PlatformAdminRegisterPage" tests="3" failures="0" timestamp="11 Jun 2018 08:24:30 GMT" time="15.2" errors="0">
  <testcase name="register_tc_1" time="4.482" classname="tracksPageScripts.RegisterPageScripts"/>
  <testcase name="register_tc_2" time="4.356" classname="tracksPageScripts.RegisterPageScripts"/>
  <testcase name="register_tc_3" time="0.047" classname="tracksPageScripts.RegisterPageScripts"/>
</testsuite> <!-- PlatformAdminRegisterPage -->
