<?xml version="1.0" encoding="UTF-8"?>
<!-- Generated by org.testng.reporters.JUnitXMLReporter -->
<testsuite hostname="DESKTOP-81U3LVR" ignored="0" name="PlatformAdminUserPage" tests="4" failures="0" timestamp="11 Jun 2018 08:23:53 GMT" time="63.448" errors="0">
  <testcase name="tc_login" time="11.786" classname="tracksPageScripts.UserPageScripts"/>
  <testcase name="PlatformAdmin_users_tc_1" time="15.162" classname="tracksPageScripts.UserPageScripts"/>
  <testcase name="PlatformAdmin_users_tc_2" time="11.361" classname="tracksPageScripts.UserPageScripts"/>
  <testcase name="PlatformAdmin_users_tc_3" time="17.115" classname="tracksPageScripts.UserPageScripts"/>
</testsuite> <!-- PlatformAdminUserPage -->
