<?xml version="1.0" encoding="UTF-8"?>
<!-- Generated by org.testng.reporters.JUnitXMLReporter -->
<testsuite hostname="DESKTOP-81U3LVR" ignored="0" name="PlatformAdminConfigPage" tests="2" failures="0" timestamp="11 Jun 2018 08:24:14 GMT" time="21.741" errors="0">
  <testcase name="PlatformAdminlogin" time="12.496" classname="tracksPageScripts.ConfigPageScripts"/>
  <testcase name="PlatformAdmin_Config_tc_1" time="3.923" classname="tracksPageScripts.ConfigPageScripts"/>
</testsuite> <!-- PlatformAdminConfigPage -->
