<?xml version="1.0" encoding="UTF-8"?>
<!-- Generated by org.testng.reporters.JUnitXMLReporter -->
<testsuite hostname="DESKTOP-81U3LVR" ignored="0" name="PlatformAdminTenantPage" tests="4" failures="0" timestamp="11 Jun 2018 08:21:58 GMT" time="45.823" errors="0">
  <testcase name="PlatformAdminlogin" time="10.976" classname="tracksPageScripts.TenantPageScripts"/>
  <testcase name="PlatformAdmin_Tenant_tc_1" time="8.844" classname="tracksPageScripts.TenantPageScripts"/>
  <testcase name="PlatformAdmin_Tenant_tc_2" time="6.706" classname="tracksPageScripts.TenantPageScripts"/>
  <testcase name="PlatformAdmin_Tenant_tc_3" time="11.023" classname="tracksPageScripts.TenantPageScripts"/>
</testsuite> <!-- PlatformAdminTenantPage -->
