<?xml version="1.0" encoding="UTF-8"?>
<!-- Generated by org.testng.reporters.JUnitXMLReporter -->
<testsuite hostname="DESKTOP-81U3LVR" ignored="0" name="PlatformAdminLogin" tests="15" failures="2" timestamp="11 Jun 2018 09:22:22 GMT" time="57.468" errors="0">
  <testcase name="login_tc_1" time="5.356" classname="tracksPageScripts.LoginPageScripts"/>
  <testcase name="login_tc_2" time="2.166" classname="tracksPageScripts.LoginPageScripts"/>
  <testcase name="login_tc_3" time="1.691" classname="tracksPageScripts.LoginPageScripts"/>
  <testcase name="login_tc_4" time="1.733" classname="tracksPageScripts.LoginPageScripts"/>
  <testcase name="login_tc_5" time="1.385" classname="tracksPageScripts.LoginPageScripts"/>
  <testcase name="login_tc_6" time="1.426" classname="tracksPageScripts.LoginPageScripts"/>
  <testcase name="login_tc_7" time="1.402" classname="tracksPageScripts.LoginPageScripts"/>
  <testcase name="login_tc_8" time="1.354" classname="tracksPageScripts.LoginPageScripts"/>
  <testcase name="login_tc_9" time="2.133" classname="tracksPageScripts.LoginPageScripts"/>
  <testcase name="login_tc_10" time="2.162" classname="tracksPageScripts.LoginPageScripts"/>
  <testcase name="forgotPassword_tc_1" time="2.069" classname="tracksPageScripts.LoginPageScripts"/>
  <testcase name="forgotPassword_tc_2" time="1.824" classname="tracksPageScripts.LoginPageScripts"/>
  <testcase name="forgotPassword_tc_3" time="1.817" classname="tracksPageScripts.LoginPageScripts">
    <failure type="java.lang.AssertionError" message="expected [please enter your email address] but found [Your email is not present in our record.]">
      <![CDATA[java.lang.AssertionError: expected [please enter your email address] but found [Your email is not present in our record.]
at tracksPageScripts.LoginPageScripts.forgotPassword_tc_3(LoginPageScripts.java:265)
... Removed 31 stack frames]]>
    </failure>
  </testcase> <!-- forgotPassword_tc_3 -->
  <testcase name="forgotPassword_tc_4" time="1.803" classname="tracksPageScripts.LoginPageScripts">
    <failure type="java.lang.AssertionError" message="expected [please enter valid email address!] but found [Your email is not present in our record.]">
      <![CDATA[java.lang.AssertionError: expected [please enter valid email address!] but found [Your email is not present in our record.]
at tracksPageScripts.LoginPageScripts.forgotPassword_tc_4(LoginPageScripts.java:284)
... Removed 31 stack frames]]>
    </failure>
  </testcase> <!-- forgotPassword_tc_4 -->
  <testcase name="login_tc_11" time="5.857" classname="tracksPageScripts.LoginPageScripts"/>
</testsuite> <!-- PlatformAdminLogin -->
