<?xml version="1.0" encoding="UTF-8"?>
<!-- Generated by org.testng.reporters.JUnitXMLReporter -->
<testsuite hostname="DESKTOP-81U3LVR" ignored="0" name="SystemAdminInstitutionPage" tests="4" failures="0" timestamp="11 Jun 2018 08:25:49 GMT" time="48.439" errors="0">
  <testcase name="tc_login" time="11.796" classname="tracksPageScripts.SystemAdminInstitutionPageScripts"/>
  <testcase name="SystemAdmin_institution_tc_1" time="9.052" classname="tracksPageScripts.SystemAdminInstitutionPageScripts"/>
  <testcase name="SystemAdmin_institution_tc_2" time="8.584" classname="tracksPageScripts.SystemAdminInstitutionPageScripts"/>
  <testcase name="SystemAdmin_institution_tc_3" time="13.037" classname="tracksPageScripts.SystemAdminInstitutionPageScripts"/>
</testsuite> <!-- SystemAdminInstitutionPage -->
