<?xml version="1.0" encoding="UTF-8"?>
<!-- Generated by org.testng.reporters.JUnitXMLReporter -->
<testsuite hostname="DESKTOP-81U3LVR" ignored="0" name="SystemAdminUserPage" tests="4" failures="0" timestamp="11 Jun 2018 08:26:55 GMT" time="66.31" errors="0">
  <testcase name="tc_login" time="12.606" classname="tracksPageScripts.SystemAdminUserPageScripts"/>
  <testcase name="SystemAdmin_users_tc_1" time="21.644" classname="tracksPageScripts.SystemAdminUserPageScripts"/>
  <testcase name="SystemAdmin_users_tc_2" time="11.102" classname="tracksPageScripts.SystemAdminUserPageScripts"/>
  <testcase name="SystemAdmin_users_tc_3" time="15.421" classname="tracksPageScripts.SystemAdminUserPageScripts"/>
</testsuite> <!-- SystemAdminUserPage -->
