<?xml version="1.0" encoding="UTF-8"?>
<!-- Generated by org.testng.reporters.JUnitXMLReporter -->
<testsuite hostname="DESKTOP-81U3LVR" ignored="0" name="SystemAdminSignUpPage" tests="4" failures="0" timestamp="11 Jun 2018 08:25:00 GMT" time="30.593" errors="0">
  <testcase name="tc_login" time="10.956" classname="tracksPageScripts.SystemUserSignupPageScripts"/>
  <testcase name="systemAdmin_SignUp_tc_1" time="0.281" classname="tracksPageScripts.SystemUserSignupPageScripts"/>
  <testcase name="systemAdmin_SignUp_tc_2" time="6.145" classname="tracksPageScripts.SystemUserSignupPageScripts"/>
  <testcase name="systemAdmin_SignUp_tc_3" time="8.28" classname="tracksPageScripts.SystemUserSignupPageScripts"/>
</testsuite> <!-- SystemAdminSignUpPage -->
