<?xml version="1.0" encoding="UTF-8"?>
<!-- Generated by org.testng.reporters.JUnitXMLReporter -->
<testsuite hostname="DESKTOP-81U3LVR" ignored="0" name="SystemAdminCoursePage" tests="4" failures="0" timestamp="11 Jun 2018 08:27:38 GMT" time="42.413" errors="0">
  <testcase name="tc_login" time="12.764" classname="tracksPageScripts.SystemAdminCoursePageScripts"/>
  <testcase name="systemAdmin_Course_tc_1" time="7.906" classname="tracksPageScripts.SystemAdminCoursePageScripts"/>
  <testcase name="systemAdmin_Course_tc_2" time="6.992" classname="tracksPageScripts.SystemAdminCoursePageScripts"/>
  <testcase name="systemAdmin_Course_tc_3" time="9.314" classname="tracksPageScripts.SystemAdminCoursePageScripts"/>
</testsuite> <!-- SystemAdminCoursePage -->
